============================= test session starts =============================
platform win32 -- Python 3.11.9, pytest-8.2.2, pluggy-1.6.0
rootdir: E:\Python demo\PINN
configfile: pyproject.toml
testpaths: tests
collected 540 items

tests\test_active_protocol_design_v3.py ..                               [  0%]
tests\test_active_protocol_identifiability.py ..                         [  0%]
tests\test_active_protocol_identifiability_v2.py ..                      [  1%]
tests\test_adaptive_fourier_fsps_superiority.py .                        [  1%]
tests\test_claim_gate_resolution_matrix.py .                             [  1%]
tests\test_claim_resolution_2d_field.py .                                [  1%]
tests\test_conductivity.py .                                             [  1%]
tests\test_conservative_multilayer_forward.py ...                        [  2%]
tests\test_cv_multidomain_oasis_v10.py ...                               [  2%]
tests\test_data_shapes.py .                                              [  3%]
tests\test_e1f_bridge_audit.py .                                         [  3%]
tests\test_e1f_external_evidence.py ..                                   [  3%]
tests\test_e1f_preregistration.py .                                      [  3%]
tests\test_e1f_protected_evidence.py .                                   [  4%]
tests\test_e1f_qiu_author_equations.py ............                      [  6%]
tests\test_e1f_qiu_solver_parity.py .....                                [  7%]
tests\test_e1f_result_evidence.py ...                                    [  7%]
tests\test_e1f_semantic_amendment.py .                                   [  7%]
tests\test_e1fr_contract.py ...                                          [  8%]
tests\test_e1fr_result_evidence.py ..                                    [  8%]
tests\test_electrostatics.py ..                                          [  9%]
tests\test_external_anchor_claim_stress_test.py .                        [  9%]
tests\test_f_sps_balanced_medium_budget_benchmark.py ..                  [  9%]
tests\test_f_sps_medium_budget_benchmark.py ..                           [ 10%]
tests\test_fourier_fsps_conditional_superiority.py .                     [ 10%]
tests\test_fourier_pyramid.py ...                                        [ 10%]
tests\test_full_pinn_contract.py ....                                    [ 11%]
tests\test_full_pinn_manufactured.py .                                   [ 11%]
tests\test_full_pinn_n0_split.py .....                                   [ 12%]
tests\test_gamma_sub_auxiliary_observability_sweep.py ..                 [ 13%]
tests\test_gamma_sub_calibrated_protocol_robustness_final.py ..          [ 13%]
tests\test_gamma_sub_calibrated_sequential_protocol_validation.py ..     [ 13%]
tests\test_gamma_sub_calibration_protocol_cost_frontier.py ....          [ 14%]
tests\test_gamma_sub_calibration_protocol_disentanglement.py ..          [ 15%]
tests\test_gamma_sub_ceba_contract.py .........                          [ 16%]
tests\test_gamma_sub_ceba_evidence_schema.py ..                          [ 17%]
tests\test_gamma_sub_constrained.py ..                                   [ 17%]
tests\test_gamma_sub_continuous_refinement.py .                          [ 17%]
tests\test_gamma_sub_continuous_refinement_integrity.py ..               [ 17%]
tests\test_gamma_sub_cpcf_evidence_schema.py .                           [ 18%]
tests\test_gamma_sub_evidence_lock.py ...                                [ 18%]
tests\test_gamma_sub_identifiability.py ....                             [ 19%]
tests\test_gamma_sub_joint_inversion_boundary.py ..                      [ 19%]
tests\test_gamma_sub_multi_protocol_recoverability.py ..                 [ 20%]
tests\test_gamma_sub_observability_augmented.py ..                       [ 20%]
tests\test_gamma_sub_paper_readiness.py ..                               [ 20%]
tests\test_gamma_sub_protocol_actual_inversion_validation.py ..          [ 21%]
tests\test_gamma_sub_protocol_observability_design.py ..                 [ 21%]
tests\test_gamma_sub_recoverability_phase_diagram.py ..                  [ 22%]
tests\test_gamma_sub_response_surface_anchor_verification.py ..          [ 22%]
tests\test_gamma_sub_scalar_baselines.py .                               [ 22%]
tests\test_gamma_sub_scis_contract.py ........                           [ 24%]
tests\test_gamma_sub_sequential_protocol_design.py ..                    [ 24%]
tests\test_gamma_sub_simulator_backed_sequential_protocol_validation.py . [ 24%]
.                                                                        [ 24%]
tests\test_gamma_sub_statistical_robustness.py ..                        [ 25%]
tests\test_gamma_sub_temperature_anchor_placement.py ..                  [ 25%]
tests\test_gamma_sub_tsw_calibration_necessity.py ..                     [ 25%]
tests\test_gamma_sub_tsw_calibration_tolerance_sweep.py ..               [ 26%]
tests\test_gamma_sub_tsw_calibration_workflow.py ..                      [ 26%]
tests\test_gamma_sub_tsw_confounding_phase_map.py ..                     [ 27%]
tests\test_gamma_sub_tsw_dense_profile_likelihood.py ..                  [ 27%]
tests\test_gamma_sub_tsw_prior_width_sweep.py ..                         [ 27%]
tests\test_gamma_sub_tsw_profile_likelihood.py ..                        [ 28%]
tests\test_gamma_sub_tsw_tolerance_ode_spotcheck.py ..                   [ 28%]
tests\test_gamma_sub_weighted_protocol_objective.py ..                   [ 28%]
tests\test_gt_profiles.py ..                                             [ 29%]
tests\test_gt_quasi_2d_phase_transition_preflight.py .                   [ 29%]
tests\test_gt_solver_smoke.py ...                                        [ 30%]
tests\test_high_risk_claim_ladder.py ...                                 [ 30%]
tests\test_historical_evidence_manifest.py ..                            [ 30%]
tests\test_imports.py .                                                  [ 31%]
tests\test_integrated_stiffness_stl.py .                                 [ 31%]
tests\test_literature_curve_fit_external_anchor.py ..                    [ 31%]
tests\test_literature_curve_fit_external_anchor_v2.py ..                 [ 32%]
tests\test_literature_curve_ingestion.py ..                              [ 32%]
tests\test_literature_phase_change_parameter_sanity.py ..                [ 32%]
tests\test_literature_prior_consistency.py .                             [ 32%]
tests\test_literature_targeted_curve_extraction_attempt.py ...           [ 33%]
tests\test_local_replay_assets.py .....                                  [ 34%]
tests\test_loss_balancer.py ...                                          [ 35%]
tests\test_m33_mixed_flux_contract.py .....                              [ 35%]
tests\test_m33_mixed_flux_gate_safety.py ....                            [ 36%]
tests\test_m33_result_evidence.py .....                                  [ 37%]
tests\test_m34_contract_audit.py ....                                    [ 38%]
tests\test_m34_gate_safety.py ...                                        [ 38%]
tests\test_m34_result_evidence.py .....                                  [ 39%]
tests\test_m34a_gradient_semantics.py ...                                [ 40%]
tests\test_m35_public_multivoltage.py ......                             [ 41%]
tests\test_m35_result_evidence.py ...                                    [ 42%]
tests\test_m36_event_resolved_orbit.py .......                           [ 43%]
tests\test_m36_result_evidence.py ...                                    [ 43%]
tests\test_m37_continuous_event_observability.py ......                  [ 45%]
tests\test_m37_result_evidence.py ....                                   [ 45%]
tests\test_m37r_continuous_event_observability_repair.py ........        [ 47%]
tests\test_m37r_result_evidence.py ......                                [ 48%]
tests\test_m40_qiu_2d_fvm.py .....                                       [ 49%]
tests\test_m40_qiu_energy_ledger.py .....                                [ 50%]
tests\test_m40_qiu_geometry.py .....                                     [ 51%]
tests\test_m40_qiu_result_evidence.py ...                                [ 51%]
tests\test_m40r_qiu_active_transient.py ......                           [ 52%]
tests\test_m40r_qiu_field_reconstruction.py ....                         [ 53%]
tests\test_m40r_qiu_mesh_convergence.py ....                             [ 54%]
tests\test_m40r_qiu_result_evidence.py ..                                [ 54%]
tests\test_m42_hermetic_replay.py ..                                     [ 55%]
tests\test_m42_qiu_foundation.py ..                                      [ 55%]
tests\test_m42_qiu_preflight_result.py ..                                [ 55%]
tests\test_m42_qiu_thermal_closure.py .                                  [ 55%]
tests\test_m43_green_reference.py ...............                        [ 58%]
tests\test_m43_quarter_grid.py .........                                 [ 60%]
tests\test_m43_result.py ....                                            [ 61%]
tests\test_m43_runner_contract.py .........                              [ 62%]
tests\test_m43_runner_failure.py .                                       [ 62%]
tests\test_m43_spreading_reference.py ........                           [ 64%]
tests\test_m43_thermal_solver.py ......                                  [ 65%]
tests\test_m44_heterogeneous_thermal.py ..........                       [ 67%]
tests\test_m44_layered_reference.py .........                            [ 69%]
tests\test_m44_preregistration.py ....                                   [ 69%]
tests\test_m44_result.py ....                                            [ 70%]
tests\test_m44_runner_contract.py ..............                         [ 73%]
tests\test_manuscript_claim_stress_test.py .                             [ 73%]
tests\test_multidomain_oasis_pinn.py ...                                 [ 73%]
tests\test_multidomain_oasis_training_v9.py ..                           [ 74%]
tests\test_multilayer_sandwich_device.py ..                              [ 74%]
tests\test_multilayer_sandwich_low_dim_inverse.py .                      [ 74%]
tests\test_multiterminal_yz_v10.py ..                                    [ 75%]
tests\test_n0_cv_e_v3_failure_evidence.py ...                            [ 75%]
tests\test_n0_cv_e_v3_gate_safety.py .....                               [ 76%]
tests\test_n0_cv_e_v3_operator.py ....                                   [ 77%]
tests\test_n0_cv_e_v3r_forensics.py .......                              [ 78%]
tests\test_n0_fixed_diagnostics.py ..                                    [ 79%]
tests\test_n0_r_v2_evidence_integrity.py ....                            [ 79%]
tests\test_n0_repair_evidence.py ...                                     [ 80%]
tests\test_n0_teacher_equation_compatibility.py ......                   [ 81%]
tests\test_oasis_2d_field_resolution.py ..                               [ 81%]
tests\test_oasis_components.py ...                                       [ 82%]
tests\test_oasis_v10_gates.py ..                                         [ 82%]
tests\test_oasis_v9_gates.py ..                                          [ 83%]
tests\test_oscillation_metrics.py .....                                  [ 84%]
tests\test_phase_activated_multilayer_forward.py ...                     [ 84%]
tests\test_phase_aware_stl_repair.py .                                   [ 84%]
tests\test_phase_field_inverse_alignment_smoke.py .                      [ 85%]
tests\test_phase_transition_stiffness_continuation.py .                  [ 85%]
tests\test_physical_semantics_v10.py ....                                [ 85%]
tests\test_pinn_identifiability.py .                                     [ 86%]
tests\test_pinn_inverse_v0.py ......                                     [ 87%]
tests\test_pinn_inverse_v1.py .....                                      [ 88%]
tests\test_pinn_inverse_v2_baseline.py ..                                [ 88%]
tests\test_pinn_inverse_v2_fourier_ablation.py ..                        [ 88%]
tests\test_pinn_inverse_v2_phase_transition_stress.py ..                 [ 89%]
tests\test_pinn_inverse_v2_smoke.py ..                                   [ 89%]
tests\test_pinn_quasi_2d_residual_preflight.py .                         [ 89%]
tests\test_port_physical_2d_inverse.py .                                 [ 90%]
tests\test_portable_evidence_identity.py ...                             [ 90%]
tests\test_project_governance.py ....                                    [ 91%]
tests\test_prompt30_a7c_evidence_audit.py ..                             [ 91%]
tests\test_prompt31_cpcf_semantic_audit.py ..                            [ 92%]
tests\test_prompt32_semantic_audits.py ....                              [ 92%]
tests\test_qiu_llp_source_contract.py ....                               [ 93%]
tests\test_reduced_2d_observability_limited_inverse.py .                 [ 93%]
tests\test_reduced_2d_phase_transition_forward.py .                      [ 93%]
tests\test_reviewer_defense_matrix.py .                                  [ 94%]
tests\test_sid_ec_oq_event_geometry.py ....                              [ 94%]
tests\test_stiffness_2d_story_figures.py .                               [ 95%]
tests\test_stiffness_aware_algorithm_benchmark.py .                      [ 95%]
tests\test_stiffness_gated_fourier_fsps.py .                             [ 95%]
tests\test_submission_readiness.py .......                               [ 96%]
tests\test_terminal_only_active_protocol_rescue.py .                     [ 96%]
tests\test_train_full_pinn_n0_repair.py ...                              [ 97%]
tests\test_validate_tracked_json.py .                                    [ 97%]
tests\test_validation_workflow_contract.py ..                            [ 97%]
tests\test_vo2_constitutive.py ....                                      [ 98%]
tests\test_vo2_d0_source_semantics.py ...                                [ 99%]
tests\test_vo2_full_pinn_v2_evidence.py ...                              [ 99%]
tests\test_voltage_protocols.py .                                        [100%]

======================= 540 passed in 373.05s (0:06:13) =======================
